{"/Users/leighbarnes/Documents/01.Development/Personal/step-through-array/dist/index.test.js":{"path":"/Users/leighbarnes/Documents/01.Development/Personal/step-through-array/dist/index.test.js","s":{"1":1,"2":1,"3":1,"4":1,"5":1,"6":1,"7":1,"8":1,"9":1,"10":1,"11":1,"12":1,"13":1,"14":1,"15":1,"16":1,"17":1,"18":1,"19":1,"20":1,"21":1,"22":1,"23":1,"24":1,"25":1,"26":1,"27":1,"28":1,"29":1,"30":1,"31":1,"32":1,"33":1,"34":1,"35":1},"b":{"1":[1,0],"2":[1,1]},"f":{"1":1},"fnMap":{"1":{"name":"_interopRequireDefault","line":7,"loc":{"start":{"line":7,"column":0},"end":{"line":7,"column":37}}}},"statementMap":{"1":{"start":{"line":3,"column":0},"end":{"line":3,"column":28}},"2":{"start":{"line":5,"column":0},"end":{"line":5,"column":56}},"3":{"start":{"line":7,"column":0},"end":{"line":7,"column":95}},"4":{"start":{"line":7,"column":39},"end":{"line":7,"column":93}},"5":{"start":{"line":9,"column":0},"end":{"line":9,"column":27}},"6":{"start":{"line":10,"column":0},"end":{"line":10,"column":30}},"7":{"start":{"line":11,"column":0},"end":{"line":11,"column":57}},"8":{"start":{"line":12,"column":0},"end":{"line":31,"column":3}},"9":{"start":{"line":13,"column":2},"end":{"line":18,"column":5}},"10":{"start":{"line":14,"column":4},"end":{"line":14,"column":68}},"11":{"start":{"line":15,"column":4},"end":{"line":15,"column":56}},"12":{"start":{"line":16,"column":4},"end":{"line":16,"column":83}},"13":{"start":{"line":17,"column":4},"end":{"line":17,"column":56}},"14":{"start":{"line":19,"column":2},"end":{"line":22,"column":5}},"15":{"start":{"line":20,"column":4},"end":{"line":20,"column":77}},"16":{"start":{"line":21,"column":4},"end":{"line":21,"column":56}},"17":{"start":{"line":23,"column":2},"end":{"line":26,"column":5}},"18":{"start":{"line":24,"column":4},"end":{"line":24,"column":71}},"19":{"start":{"line":25,"column":4},"end":{"line":25,"column":57}},"20":{"start":{"line":27,"column":2},"end":{"line":30,"column":5}},"21":{"start":{"line":28,"column":4},"end":{"line":28,"column":74}},"22":{"start":{"line":29,"column":4},"end":{"line":29,"column":57}},"23":{"start":{"line":32,"column":0},"end":{"line":49,"column":3}},"24":{"start":{"line":33,"column":2},"end":{"line":36,"column":5}},"25":{"start":{"line":34,"column":4},"end":{"line":34,"column":48}},"26":{"start":{"line":35,"column":4},"end":{"line":35,"column":49}},"27":{"start":{"line":37,"column":2},"end":{"line":40,"column":5}},"28":{"start":{"line":38,"column":4},"end":{"line":38,"column":69}},"29":{"start":{"line":39,"column":4},"end":{"line":39,"column":49}},"30":{"start":{"line":41,"column":2},"end":{"line":44,"column":5}},"31":{"start":{"line":42,"column":4},"end":{"line":42,"column":78}},"32":{"start":{"line":43,"column":4},"end":{"line":43,"column":49}},"33":{"start":{"line":45,"column":2},"end":{"line":48,"column":5}},"34":{"start":{"line":46,"column":4},"end":{"line":46,"column":76}},"35":{"start":{"line":47,"column":4},"end":{"line":47,"column":56}}},"branchMap":{"1":{"line":7,"type":"cond-expr","locations":[{"start":{"line":7,"column":70},"end":{"line":7,"column":73}},{"start":{"line":7,"column":76},"end":{"line":7,"column":92}}]},"2":{"line":7,"type":"binary-expr","locations":[{"start":{"line":7,"column":46},"end":{"line":7,"column":49}},{"start":{"line":7,"column":53},"end":{"line":7,"column":67}}]}}},"/Users/leighbarnes/Documents/01.Development/Personal/step-through-array/dist/index.js":{"path":"/Users/leighbarnes/Documents/01.Development/Personal/step-through-array/dist/index.js","s":{"1":1,"2":1,"3":1,"4":9,"5":1,"6":8,"7":8,"8":2,"9":6,"10":6,"11":6,"12":1,"13":5,"14":1,"15":1,"16":4,"17":1,"18":1},"b":{"1":[1,8],"2":[9,8],"3":[2,6],"4":[3,3],"5":[2,4],"6":[1,5],"7":[6,1],"8":[1,4],"9":[5,1]},"f":{},"fnMap":{},"statementMap":{"1":{"start":{"line":3,"column":0},"end":{"line":5,"column":3}},"2":{"start":{"line":6,"column":0},"end":{"line":6,"column":25}},"3":{"start":{"line":17,"column":0},"end":{"line":42,"column":2}},"4":{"start":{"line":18,"column":2},"end":{"line":20,"column":3}},"5":{"start":{"line":19,"column":4},"end":{"line":19,"column":17}},"6":{"start":{"line":22,"column":2},"end":{"line":22,"column":45}},"7":{"start":{"line":24,"column":2},"end":{"line":26,"column":3}},"8":{"start":{"line":25,"column":4},"end":{"line":25,"column":17}},"9":{"start":{"line":28,"column":2},"end":{"line":28,"column":67}},"10":{"start":{"line":29,"column":2},"end":{"line":29,"column":61}},"11":{"start":{"line":31,"column":2},"end":{"line":33,"column":3}},"12":{"start":{"line":32,"column":4},"end":{"line":32,"column":20}},"13":{"start":{"line":36,"column":2},"end":{"line":39,"column":3}},"14":{"start":{"line":37,"column":4},"end":{"line":37,"column":39}},"15":{"start":{"line":38,"column":4},"end":{"line":38,"column":28}},"16":{"start":{"line":41,"column":2},"end":{"line":41,"column":21}},"17":{"start":{"line":44,"column":0},"end":{"line":44,"column":32}},"18":{"start":{"line":45,"column":0},"end":{"line":45,"column":27}}},"branchMap":{"1":{"line":18,"type":"if","locations":[{"start":{"line":18,"column":2},"end":{"line":18,"column":2}},{"start":{"line":18,"column":2},"end":{"line":18,"column":2}}]},"2":{"line":18,"type":"binary-expr","locations":[{"start":{"line":18,"column":6},"end":{"line":18,"column":14}},{"start":{"line":18,"column":18},"end":{"line":18,"column":24}}]},"3":{"line":24,"type":"if","locations":[{"start":{"line":24,"column":2},"end":{"line":24,"column":2}},{"start":{"line":24,"column":2},"end":{"line":24,"column":2}}]},"4":{"line":28,"type":"cond-expr","locations":[{"start":{"line":28,"column":30},"end":{"line":28,"column":58}},{"start":{"line":28,"column":61},"end":{"line":28,"column":66}}]},"5":{"line":29,"type":"cond-expr","locations":[{"start":{"line":29,"column":27},"end":{"line":29,"column":42}},{"start":{"line":29,"column":45},"end":{"line":29,"column":60}}]},"6":{"line":31,"type":"if","locations":[{"start":{"line":31,"column":2},"end":{"line":31,"column":2}},{"start":{"line":31,"column":2},"end":{"line":31,"column":2}}]},"7":{"line":31,"type":"binary-expr","locations":[{"start":{"line":31,"column":6},"end":{"line":31,"column":27}},{"start":{"line":31,"column":31},"end":{"line":31,"column":43}}]},"8":{"line":36,"type":"if","locations":[{"start":{"line":36,"column":2},"end":{"line":36,"column":2}},{"start":{"line":36,"column":2},"end":{"line":36,"column":2}}]},"9":{"line":36,"type":"binary-expr","locations":[{"start":{"line":36,"column":6},"end":{"line":36,"column":17}},{"start":{"line":36,"column":21},"end":{"line":36,"column":32}}]}}}}