TN:
SF:/Users/leighbarnes/Documents/01.Development/Personal/step-through-array/dist/index.test.js
FN:7,_interopRequireDefault
FNF:1
FNH:1
FNDA:1,_interopRequireDefault
DA:3,1
DA:5,1
DA:7,1
DA:9,1
DA:10,1
DA:11,1
DA:12,1
DA:13,1
DA:14,1
DA:15,1
DA:16,1
DA:17,1
DA:19,1
DA:20,1
DA:21,1
DA:23,1
DA:24,1
DA:25,1
DA:27,1
DA:28,1
DA:29,1
DA:32,1
DA:33,1
DA:34,1
DA:35,1
DA:37,1
DA:38,1
DA:39,1
DA:41,1
DA:42,1
DA:43,1
DA:45,1
DA:46,1
DA:47,1
LF:34
LH:34
BRDA:7,1,0,1
BRDA:7,1,1,0
BRDA:7,2,0,1
BRDA:7,2,1,1
BRF:4
BRH:3
end_of_record
TN:
SF:/Users/leighbarnes/Documents/01.Development/Personal/step-through-array/dist/index.js
FNF:0
FNH:0
DA:3,1
DA:6,1
DA:17,1
DA:18,9
DA:19,1
DA:22,8
DA:24,8
DA:25,2
DA:28,6
DA:29,6
DA:31,6
DA:32,1
DA:36,5
DA:37,1
DA:38,1
DA:41,4
DA:44,1
DA:45,1
LF:18
LH:18
BRDA:18,1,0,1
BRDA:18,1,1,8
BRDA:18,2,0,9
BRDA:18,2,1,8
BRDA:24,3,0,2
BRDA:24,3,1,6
BRDA:28,4,0,3
BRDA:28,4,1,3
BRDA:29,5,0,2
BRDA:29,5,1,4
BRDA:31,6,0,1
BRDA:31,6,1,5
BRDA:31,7,0,6
BRDA:31,7,1,1
BRDA:36,8,0,1
BRDA:36,8,1,4
BRDA:36,9,0,5
BRDA:36,9,1,1
BRF:18
BRH:18
end_of_record
